
Xvnc TigerVNC 1.8.0 - built Nov 16 2020 16:47:50
Copyright (C) 1999-2017 TigerVNC Team and many others (see README.txt)
See http://www.tigervnc.org for information on TigerVNC.
Underlying X server release 12004000, The X.Org Foundation


Tue Jan 10 22:36:14 2023
 vncext:      VNC extension running!
 vncext:      Listening for VNC connections on local interface(s), port 5915
 vncext:      created VNC server for screen 0
generating cookie with syscall
generating cookie with syscall
generating cookie with syscall
generating cookie with syscall
** Message: 22:36:17.847: couldn't access control socket: /run/user/19060/keyring/control: No such file or directory
SSH_AUTH_SOCK=/run/user/19060/keyring/ssh
SSH_AUTH_SOCK=/run/user/19060/keyring/ssh
vmware-user: could not open /proc/fs/vmblock/dev
SSH_AUTH_SOCK=/run/user/19060/keyring/ssh
Initializing caja-image-converter extension
Initializing caja-open-terminal extension
*** ERROR ***
TI:22:36:18	TH:0x189ea70	FI:gpm-manager.c	FN:gpm_manager_systemd_inhibit,1784
 - Error in dbus - GDBus.Error:org.freedesktop.DBus.Error.AccessDenied: Permission denied
Traceback:
	mate-power-manager() [0x418b9f]
	mate-power-manager() [0x411220]
	/lib64/libgobject-2.0.so.0(g_type_create_instance+0x1fb) [0x7fb22717360b]
	/lib64/libgobject-2.0.so.0(+0x1528d) [0x7fb22715728d]
	/lib64/libgobject-2.0.so.0(g_object_new_with_properties+0x27d) [0x7fb227158b3d]
	/lib64/libgobject-2.0.so.0(g_object_new+0xc1) [0x7fb227159521]
	mate-power-manager() [0x411a22]
	mate-power-manager() [0x4080b8]
	/lib64/libc.so.6(__libc_start_main+0xf5) [0x7fb226562555]
	mate-power-manager() [0x4083db]
/usr/share/system-config-printer/applet.py:44: PyGIWarning: Notify was imported without specifying a version first. Use gi.require_version('Notify', '0.7') before import to ensure that the right version gets loaded.
  from gi.repository import Notify
system-config-printer-applet: failed to start NewPrinterNotification service
system-config-printer-applet: failed to start PrinterDriversInstaller service: org.freedesktop.DBus.Error.AccessDenied: Connection ":1.96834" is not allowed to own the service "com.redhat.PrinterDriversInstaller" due to security policies in the configuration file

(mate-panel:821): GLib-GObject-CRITICAL **: 22:36:18.546: g_object_unref: assertion 'G_IS_OBJECT (object)' failed

(mate-panel:821): GLib-GObject-CRITICAL **: 22:36:19.009: g_object_unref: assertion 'G_IS_OBJECT (object)' failed

(mate-panel:821): GLib-GObject-CRITICAL **: 22:36:19.010: g_object_unref: assertion 'G_IS_OBJECT (object)' failed

(nm-applet:902): Gdk-CRITICAL **: 22:36:19.071: gdk_window_thaw_toplevel_updates: assertion 'window->update_and_descendants_freeze_count > 0' failed
mate-settings-daemon: Fatal IO error 11 (Resource temporarily unavailable) on X server :15.
Gdk-Message: 23:00:01.495: mate-session: Fatal IO error 4 (Interrupted system call) on X server :15.

Warning: VNC extension does not support -reset, terminating instead. Use -noreset to prevent termination.
Window manager warning: Fatal IO error 11 (Resource temporarily unavailable) on display ':15'.
