\o Program:		@(#)$CDS: libManager version 6.1.8 - CAT37 08/16/2019 17:05 (sjfhw025) $
\o Sub version:		sub-version  s053 
\o Arguments:		-mpssession virtuoso884 -mpshost mo.ece.pdx.edu 
\o Working Directory:	mo.ece.pdx.edu:/u/sai9/FreePDK45/ncsu_basekit/cdssetup/cadence525
\o 64-bit offsets
\o Qt version: 		5.9.1
\o Log file is "/u/sai9/FreePDK45/ncsu_basekit/cdssetup/cadence525/libManager.log".
\o Opening libManager window.
\a nrSetCurrentWindow(cdsLibManager)
\a _lmSetFilter( 'library (list nil 'FilterWith "All Of The Words"))
\a cdsLibManager->cellComboFilter->value = "nand"
\a cdsLibManager->cellComboFilter->value = ""
\a nrResizeWindow(cdsLibManager list(0 24 602 491))
\o changeWorkingDir("/u/sai9/FreePDK45/ncsu_basekit/cdssetup/cadence525") unnecessary.
\o ddSetForcedLib("") unnecessary.
\o MPS service: map window
\o Library Manager customization server connected.
\a cdsLibManager->FileNewLibButton->value = t
\a nrSetWindowVisibility(NewLibShell "show")
\a nrSetCurrentWindow(NewLibShell)
\a nrSetCurrentWindow(NewLibShell->subDialog)
\a nrResizeWindow(NewLibShell list(47 24 507 559))
\a NewLibShell->newLibNameText->value = "proj2_nand"
\a NewLibShell->newLibOKButton->value = t
\a nrSetWindowVisibility(workingDialogForm "show")
\a nrSetCurrentWindow(workingDialogForm)
\o Created new library "proj2_nand" at /u/sai9/FreePDK45/ncsu_basekit/cdssetup/cadence525/proj2_nand.
\a nrSetCurrentWindow(cdsLibManager)
\a nrResizeWindow(workingDialogForm list(0 0 304 133))
\a nrResizeWindow(NewLibShell list(0 0 507 559))
\a nrSetCurrentWindow(cdsLibManager)
\a nrSetCurrentWindow(cdsLibManager)
\a nrSetCurrentWindow(cdsLibManager)
\a cdsLibManager->libListBox->value = "proj2_nand"
\a cdsLibManager->libLineEdit->value = "proj2_nand"
\a cdsLibManager->FileNewCVButton->value = t
\a nrSetCurrentWindow(cdsLibManager)
\a nrSetCurrentWindow(cdsLibManager)
\a nrSetWindowVisibility(cdsLibManager "hide")
\a nrSetWindowVisibility(cdsLibManager "show")
\a nrSetCurrentWindow(cdsLibManager)
\a nrSetCurrentWindow(cdsLibManager)
\a nrSetCurrentWindow(cdsLibManager)
\a nrSetCurrentWindow(cdsLibManager)
\a cdsLibManager->libListBox->value = "inverter_1"
\a cdsLibManager->libLineEdit->value = "inverter_1"
\a nrListItemAction(cdsLibManager->libListBox "inverter_1" 0)
\a cdsLibManager->libLineEdit->value = ""
\a cdsLibManager->libListBox->value = nil
\a cdsLibManager->libListBox->value = "inverter_1"
\a cdsLibManager->libLineEdit->value = "inverter_1"
\a cdsLibManager->cellListBox->value = "inverter_1_1_man_tb"
\a cdsLibManager->cellLineEdit->value = "inverter_1_1_man_tb"
\a cdsLibManager->viewListBox->value = "schematic"
\a cdsLibManager->viewLineEdit->value = "schematic"
\a cdsLibManager->cellLineEdit->value = ""
\a cdsLibManager->cellListBox->value = nil
\a cdsLibManager->viewLineEdit->value = ""
\a cdsLibManager->viewListBox->value = nil
\a cdsLibManager->cellListBox->value = "inverter_1_1_man_tb"
\a cdsLibManager->cellLineEdit->value = "inverter_1_1_man_tb"
\a cdsLibManager->viewListBox->value = "schematic"
\a cdsLibManager->viewLineEdit->value = "schematic"
\a cdsLibManager->viewLineEdit->value = ""
\a cdsLibManager->viewListBox->value = nil
\o MPS request: edit design
\a nrListItemAction(cdsLibManager->cellListBox 4 0)
\a cdsLibManager->libListBox->value = nil
\a cdsLibManager->libLineEdit->value = ""
\a cdsLibManager->cellLineEdit->value = ""
\a cdsLibManager->cellListBox->value = nil
\a cdsLibManager->libListBox->value = "inverter_1"
\a cdsLibManager->libLineEdit->value = "inverter_1"
\a cdsLibManager->cellListBox->value = "inverter_1_1_man_tb"
\a cdsLibManager->cellLineEdit->value = "inverter_1_1_man_tb"
\a cdsLibManager->viewListBox->value = "schematic"
\a cdsLibManager->viewLineEdit->value = "schematic"
\a cdsLibManager->viewLineEdit->value = ""
\a cdsLibManager->viewListBox->value = nil
\a cdsLibManager->viewListBox->value = "schematic"
\a cdsLibManager->viewLineEdit->value = "schematic"
\a nrSetCurrentWindow(cdsLibManager)
\a nrSetCurrentWindow(cdsLibManager)
